<?xml version="1.0" encoding="UTF-8"?>
<!-- Generated by org.testng.reporters.JUnitXMLReporter -->
<testsuite ignored="0" hostname="DESKTOP-EDKNOOU" failures="0" tests="5" name="Test" time="50.011" errors="0" timestamp="2022-04-08T13:56:36 EDT">
  <testcase classname="tests.TwoTest" name="testTwo" time="10.647"/>
  <testcase classname="tests.Fourthtest" name="testFour" time="8.291"/>
  <testcase classname="tests.LoginTest" name="login" time="4.977"/>
  <testcase classname="tests.LoginTest" name="login" time="4.946"/>
  <testcase classname="tests.ThreeTest" name="testThree" time="8.499"/>
</testsuite> <!-- Test -->
